已經開始建置於 2018/12/2 下午 05:29:21。
     1>節點 2 (Build 目標) 上的專案 "D:\檔案資料\c++\document\picturebox_bitmap\picturebox_bitmap\picturebox_bitmap.vcxproj"。
     1>ClCompile:
         C:\Program Files (x86)\Microsoft Visual Studio 14.0\VC\bin\x86_amd64\CL.exe /c /I"D:\檔案資料\opencv\build\include" /AI"C:\Program Files (x86)\Reference Assemblies\Microsoft\Framework\.NETFramework\v4.5.2\\" /AI"C:\Program Files (x86)\Windows Kits\8.1\References\CommonConfiguration\Neutral" /AI"C:\Program Files (x86)\Reference Assemblies\Microsoft\Framework\.NETFramework\v4.5.2\Facades\\" /Zi /clr /nologo /W3 /WX- /O2 /D NDEBUG /D _UNICODE /D UNICODE /EHa /MD /GS /fp:precise /Zc:wchar_t /Zc:forScope /Zc:inline /Fo"x64\Release\\" /Fd"x64\Release\vc140.pdb" /TP /FU"C:\Program Files (x86)\Reference Assemblies\Microsoft\Framework\.NETFramework\v4.5.2\mscorlib.dll" /FU"C:\Program Files (x86)\Reference Assemblies\Microsoft\Framework\.NETFramework\v4.5.2\System.Data.dll" /FU"C:\Program Files (x86)\Reference Assemblies\Microsoft\Framework\.NETFramework\v4.5.2\System.dll" /FU"C:\Program Files (x86)\Reference Assemblies\Microsoft\Framework\.NETFramework\v4.5.2\System.Drawing.dll" /FU"C:\Program Files (x86)\Reference Assemblies\Microsoft\Framework\.NETFramework\v4.5.2\System.Windows.Forms.dll" /FU"C:\Program Files (x86)\Reference Assemblies\Microsoft\Framework\.NETFramework\v4.5.2\System.Xml.dll" /errorReport:prompt /clr:nostdlib picturebox_bitmap.cpp
         picturebox_bitmap.cpp
     1>d:\檔案資料\c++\document\picturebox_bitmap\picturebox_bitmap\picturebox_bitmap.h(113): warning C4267: '引數': 將 'size_t' 轉換為 'int'，資料可能遺失
     1>d:\檔案資料\opencv\build\include\opencv2\core\cvstd.hpp(575): warning C4793: 'cv::String::String': 函式會編譯成機器碼:
         	找到 Managed 程式碼中不支援的內建
     1>d:\檔案資料\opencv\build\include\opencv2\core\cuda.inl.hpp(105): warning C4793: 'cv::cuda::GpuMat::GpuMat': 函式會編譯成機器碼:
         	找到 Managed 程式碼中不支援的內建
     1>d:\檔案資料\opencv\build\include\opencv2\core\cuda.inl.hpp(395): warning C4793: 'cv::cuda::HostMem::HostMem': 函式會編譯成機器碼:
         	找到 Managed 程式碼中不支援的內建
     1>d:\檔案資料\opencv\build\include\opencv2\core\mat.inl.hpp(483): warning C4793: 'cv::Mat::Mat': 函式會編譯成機器碼:
         	找到 Managed 程式碼中不支援的內建
     1>d:\檔案資料\opencv\build\include\opencv2\core\mat.inl.hpp(807): warning C4793: 'cv::Mat::release': 函式會編譯成機器碼:
         	找到 Managed 程式碼中不支援的內建
     1>d:\檔案資料\opencv\build\include\opencv2\core\mat.inl.hpp(2143): warning C4793: 'cv::SparseMat::addref': 函式會編譯成機器碼:
         	找到 Managed 程式碼中不支援的內建
     1>d:\檔案資料\opencv\build\include\opencv2\core\mat.inl.hpp(3743): warning C4793: 'cv::UMat::addref': 函式會編譯成機器碼:
         	找到 Managed 程式碼中不支援的內建
     1>d:\檔案資料\opencv\build\include\opencv2\core\ptr.inl.hpp(67): warning C4793: 'cv::detail::PtrOwner::incRef': 函式會編譯成機器碼:
         	找到 Managed 程式碼中不支援的內建
     1>d:\檔案資料\opencv\build\include\opencv2\core\ptr.inl.hpp(72): warning C4793: 'cv::detail::PtrOwner::decRef': 函式會編譯成機器碼:
         	找到 Managed 程式碼中不支援的內建
     1>d:\檔案資料\opencv\build\include\opencv2\core\cvstd.hpp(657): warning C4793: 'cv::String::operator=': 函式會編譯成機器碼:
         	找到 Managed 程式碼中不支援的內建
       Link:
         C:\Program Files (x86)\Microsoft Visual Studio 14.0\VC\bin\x86_amd64\link.exe /ERRORREPORT:PROMPT /OUT:"D:\檔案資料\c++\document\picturebox_bitmap\x64\Release\picturebox_bitmap.exe" /INCREMENTAL:NO /NOLOGO /LIBPATH:"D:\檔案資料\opencv\build\x64\vc14\lib" /ASSEMBLYRESOURCE:x64\Release\picturebox_bitmap.picturebox_bitmap.resources /MANIFEST /MANIFESTUAC:"level='asInvoker' uiAccess='false'" /manifest:embed /Debug /PDB:"D:\檔案資料\c++\document\picturebox_bitmap\x64\Release\picturebox_bitmap.pdb" /TLBID:1 /DYNAMICBASE /FIXED:NO /NXCOMPAT /MACHINE:X64 x64\Release\picturebox_bitmap.obj
         "x64\Release\.NETFramework,Version=v4.5.2.AssemblyAttributes.obj"
         ..\..\..\..\opencv\build\x64\vc14\lib\opencv_world343.lib
         ..\..\..\..\opencv\build\x64\vc14\lib\opencv_world343d.lib
         picturebox_bitmap.vcxproj -> D:\檔案資料\c++\document\picturebox_bitmap\x64\Release\picturebox_bitmap.exe
     1>專案 "D:\檔案資料\c++\document\picturebox_bitmap\picturebox_bitmap\picturebox_bitmap.vcxproj" (Build 目標) 建置完成。

建置成功。

經過時間 00:00:03.89
